<?xml version="1.0" encoding="UTF-8" ?>
<testsuite errors="0" failures="0" hostname="WMXFO250036-1F3" name="com.test.MiClaseTest" skipped="0" tests="2" time="0.078" timestamp="2016-12-20T17:46:52">
  <properties>
    <property name="java.vendor" value="Oracle Corporation" />
    <property name="ant.file.type.ProyectoAnt" value="file" />
    <property name="sun.java.launcher" value="SUN_STANDARD" />
    <property name="eclipse.pdebuild.templates" value="/C:/Users/fo250036/eclipse/jee-neon/eclipse/../../../.p2/pool/plugins/org.eclipse.pde.build_3.9.200.v20160204-0642/templates/" />
    <property name="sun.management.compiler" value="HotSpot 64-Bit Tiered Compilers" />
    <property name="os.name" value="Windows 8.1" />
    <property name="sun.boot.class.path" value="C:\Program Files\Java\jre1.8.0_101\lib\resources.jar;C:\Program Files\Java\jre1.8.0_101\lib\rt.jar;C:\Program Files\Java\jre1.8.0_101\lib\sunrsasign.jar;C:\Program Files\Java\jre1.8.0_101\lib\jsse.jar;C:\Program Files\Java\jre1.8.0_101\lib\jce.jar;C:\Program Files\Java\jre1.8.0_101\lib\charsets.jar;C:\Program Files\Java\jre1.8.0_101\lib\jfr.jar;C:\Program Files\Java\jre1.8.0_101\classes" />
    <property name="TODAY" value="December 20 2016" />
    <property name="sun.desktop" value="windows" />
    <property name="java.vm.specification.vendor" value="Oracle Corporation" />
    <property name="ant.home" value="C:\Users\fo250036\.p2\pool\plugins\org.apache.ant_1.9.6.v201510161327" />
    <property name="java.runtime.version" value="1.8.0_101-b13" />
    <property name="user.name" value="fo250036" />
    <property name="reports" value="C:\Users\fo250036\workspace\AntProject\reports" />
    <property name="user.language" value="en" />
    <property name="build" value="C:\Users\fo250036\workspace\AntProject\build\classes" />
    <property name="sun.boot.library.path" value="C:\Program Files\Java\jre1.8.0_101\bin" />
    <property name="ant.project.default-target" value="main" />
    <property name="ant.project.name" value="ProyectoAnt" />
    <property name="DSTAMP" value="20161220" />
    <property name="java.version" value="1.8.0_101" />
    <property name="version" value="1.0.0" />
    <property name="user.timezone" value="" />
    <property name="sun.arch.data.model" value="64" />
    <property name="java.endorsed.dirs" value="C:\Program Files\Java\jre1.8.0_101\lib\endorsed" />
    <property name="sun.cpu.isalist" value="amd64" />
    <property name="sun.jnu.encoding" value="Cp1252" />
    <property name="file.encoding.pkg" value="sun.io" />
    <property name="file.separator" value="\" />
    <property name="java.specification.name" value="Java Platform API Specification" />
    <property name="java.class.version" value="52.0" />
    <property name="src" value="C:\Users\fo250036\workspace\AntProject\src" />
    <property name="user.country" value="US" />
    <property name="java.home" value="C:\Program Files\Java\jre1.8.0_101" />
    <property name="java.vm.info" value="mixed mode" />
    <property name="ant.file" value="C:\Users\fo250036\workspace\AntProject\build.xml" />
    <property name="os.version" value="6.3" />
    <property name="path.separator" value=";" />
    <property name="java.vm.version" value="25.101-b13" />
    <property name="user.variant" value="" />
    <property name="ant.library.dir" value="C:\Users\fo250036\.p2\pool\plugins\org.apache.ant_1.9.6.v201510161327\lib" />
    <property name="java.awt.printerjob" value="sun.awt.windows.WPrinterJob" />
    <property name="sun.io.unicode.encoding" value="UnicodeLittle" />
    <property name="awt.toolkit" value="sun.awt.windows.WToolkit" />
    <property name="user.script" value="" />
    <property name="eclipse.pdebuild.scripts" value="/C:/Users/fo250036/eclipse/jee-neon/eclipse/../../../.p2/pool/plugins/org.eclipse.pde.build_3.9.200.v20160204-0642/scripts/" />
    <property name="user.home" value="C:\Users\fo250036" />
    <property name="java.specification.vendor" value="Oracle Corporation" />
    <property name="java.library.path" value="C:\Program Files\Java\jre1.8.0_101\bin;C:\Windows\Sun\Java\bin;C:\Windows\system32;C:\Windows;C:/Program Files/Java/jre1.8.0_101/bin/server;C:/Program Files/Java/jre1.8.0_101/bin;C:/Program Files/Java/jre1.8.0_101/lib/amd64;C:\ProgramData\Oracle\Java\javapath;C:\Windows\system32;C:\Windows;C:\Windows\System32\Wbem;C:\Windows\System32\WindowsPowerShell\v1.0\;C:\Program Files\1E\NomadBranch\;C:\Program Files (x86)\Skype\Phone\;C:\Program Files\Git\cmd;C:\Program Files\Git\bin;C:\Windows\System32;C:\Program Files\Java\jre1.8.0_101;C:\Program Files\apache-maven-3.3.9\bin;C:\Program Files\apache-ant-1.9.6\bin;C:\Users\fo250036\Desktop;;." />
    <property name="name" value="Prueba de Ant" />
    <property name="java.vendor.url" value="http://java.oracle.com/" />
    <property name="java.vm.vendor" value="Oracle Corporation" />
    <property name="java.runtime.name" value="Java(TM) SE Runtime Environment" />
    <property name="sun.java.command" value="org.apache.tools.ant.taskdefs.optional.junit.JUnitTestRunner com.test.MiClaseTest skipNonTests=false filtertrace=true haltOnError=false haltOnFailure=false formatter=org.apache.tools.ant.taskdefs.optional.junit.SummaryJUnitResultFormatter showoutput=true outputtoformatters=true logfailedtests=true threadid=0 logtestlistenerevents=false formatter=org.apache.tools.ant.taskdefs.optional.junit.XMLJUnitResultFormatter,C:\Users\fo250036\workspace\AntProject\reports\raw\TEST-com.test.MiClaseTest.xml crashfile=C:\Users\fo250036\workspace\AntProject\junitvmwatcher8846377457083031226.properties propsfile=C:\Users\fo250036\workspace\AntProject\junit687454744780169623.properties" />
    <property name="java.class.path" value="C:\Users\fo250036\workspace\AntProject\build\classes;C:\Users\fo250036\workspace\AntProject\lib\ant-junit.jar;C:\Users\fo250036\workspace\AntProject\lib\junit.jar;C:\Users\fo250036\workspace\AntProject\lib\org.hamcrest.core_1.3.0.v201303031735.jar;C:\Users\fo250036\.p2\pool\plugins\org.apache.ant_1.9.6.v201510161327\lib\ant-launcher.jar;C:\Users\fo250036\.p2\pool\plugins\org.apache.ant_1.9.6.v201510161327\lib\ant.jar;C:\Users\fo250036\.p2\pool\plugins\org.apache.ant_1.9.6.v201510161327\lib\ant-junit.jar;C:\Users\fo250036\.p2\pool\plugins\org.apache.ant_1.9.6.v201510161327\lib\ant-junit4.jar" />
    <property name="ant.version" value="Apache Ant(TM) version 1.9.6 compiled on June 29 2015" />
    <property name="TSTAMP" value="1146" />
    <property name="java.vm.specification.name" value="Java Virtual Machine Specification" />
    <property name="java.vm.specification.version" value="1.8" />
    <property name="sun.cpu.endian" value="little" />
    <property name="sun.os.patch.level" value="" />
    <property name="eclipse.pdebuild.home" value="/C:/Users/fo250036/eclipse/jee-neon/eclipse/../../../.p2/pool/plugins/org.eclipse.pde.build_3.9.200.v20160204-0642/./" />
    <property name="java.io.tmpdir" value="C:\Users\fo250036\AppData\Local\Temp\" />
    <property name="java.vendor.url.bug" value="http://bugreport.sun.com/bugreport/" />
    <property name="os.arch" value="amd64" />
    <property name="java.awt.graphicsenv" value="sun.awt.Win32GraphicsEnvironment" />
    <property name="java.ext.dirs" value="C:\Program Files\Java\jre1.8.0_101\lib\ext;C:\Windows\Sun\Java\lib\ext" />
    <property name="user.dir" value="C:\Users\fo250036\workspace\AntProject" />
    <property name="line.separator" value="&#xd;&#xa;" />
    <property name="java.vm.name" value="Java HotSpot(TM) 64-Bit Server VM" />
    <property name="basedir" value="C:\Users\fo250036\workspace\AntProject" />
    <property name="ant.java.version" value="1.8" />
    <property name="ant.core.lib" value="C:\Users\fo250036\.p2\pool\plugins\org.apache.ant_1.9.6.v201510161327\lib\ant.jar" />
    <property name="ant.file.ProyectoAnt" value="C:\Users\fo250036\workspace\AntProject\build.xml" />
    <property name="file.encoding" value="Cp1252" />
    <property name="java.specification.version" value="1.8" />
    <property name="ant.project.invoked-targets" value="main" />
  </properties>
  <testcase classname="com.test.MiClaseTest" name="test1" time="0.0" />
  <testcase classname="com.test.MiClaseTest" name="test2" time="0.0" />
  <system-out><![CDATA[]]></system-out>
  <system-err><![CDATA[]]></system-err>
</testsuite>
